<?xml version="1.0" encoding="UTF-8"?>
<testng-results skipped="0" failed="4" ignored="1" total="6" passed="1">
  <reporter-output>
  </reporter-output>
  <suite name="Default suite" duration-ms="65360" started-at="2020-08-31T22:12:11 EDT" finished-at="2020-08-31T22:13:16 EDT">
    <groups>
    </groups>
    <test name="Default test" duration-ms="65360" started-at="2020-08-31T22:12:11 EDT" finished-at="2020-08-31T22:13:16 EDT">
      <class name="automationScripts.Script">
        <test-method status="PASS" signature="startup()[pri:0, instance:automationScripts.Script@7a765367]" name="startup" is-config="true" duration-ms="111" started-at="2020-08-31T22:12:11 EDT" finished-at="2020-08-31T22:12:11 EDT">
          <reporter-output>
          </reporter-output>
        </test-method> <!-- startup -->
        <test-method status="PASS" signature="setup()[pri:0, instance:automationScripts.Script@7a765367]" name="setup" is-config="true" duration-ms="1273" started-at="2020-08-31T22:12:11 EDT" finished-at="2020-08-31T22:12:12 EDT">
          <reporter-output>
          </reporter-output>
        </test-method> <!-- setup -->
        <test-method status="PASS" signature="dataExcel(java.lang.String, java.lang.String)[pri:0, instance:automationScripts.Script@7a765367]" name="dataExcel" duration-ms="5266" started-at="2020-08-31T22:12:12 EDT" data-provider="pass" finished-at="2020-08-31T22:12:18 EDT">
          <params>
            <param index="0">
              <value>
                <![CDATA[admin]]>
              </value>
            </param>
            <param index="1">
              <value>
                <![CDATA[demo123]]>
              </value>
            </param>
          </params>
          <reporter-output>
          </reporter-output>
        </test-method> <!-- dataExcel -->
        <test-method status="PASS" signature="tearDown(org.testng.ITestResult)[pri:0, instance:automationScripts.Script@7a765367]" name="tearDown" is-config="true" duration-ms="5130" started-at="2020-08-31T22:12:18 EDT" finished-at="2020-08-31T22:12:23 EDT">
          <params>
            <param index="0">
              <value>
                <![CDATA[[TestResult name=dataExcel status=SUCCESS method=Script.dataExcel(java.lang.String, java.lang.String)[pri:0, instance:automationScripts.Script@7a765367] output={null}]]]>
              </value>
            </param>
          </params>
          <reporter-output>
          </reporter-output>
        </test-method> <!-- tearDown -->
        <test-method status="PASS" signature="setup()[pri:0, instance:automationScripts.Script@7a765367]" name="setup" is-config="true" duration-ms="880" started-at="2020-08-31T22:12:23 EDT" finished-at="2020-08-31T22:12:24 EDT">
          <reporter-output>
          </reporter-output>
        </test-method> <!-- setup -->
        <test-method status="FAIL" signature="dataExcel(java.lang.String, java.lang.String)[pri:0, instance:automationScripts.Script@7a765367]" name="dataExcel" duration-ms="7653" started-at="2020-08-31T22:12:24 EDT" data-provider="pass" finished-at="2020-08-31T22:12:31 EDT">
          <params>
            <param index="0">
              <value>
                <![CDATA[daniel@gmail.com]]>
              </value>
            </param>
            <param index="1">
              <value>
                <![CDATA[jobs123]]>
              </value>
            </param>
          </params>
          <exception class="org.openqa.selenium.TimeoutException">
            <message>
              <![CDATA[Expected condition failed: waiting for title to be "Dashboard ‹ Wordpress Demo Site at Demo.Center — WordPress". Current title: "Log In ‹ Wordpress Demo Site at Demo.Center — WordPress" (tried for 4 second(s) with 500 milliseconds interval)
Build info: version: '3.141.59', revision: 'e82be7d358', time: '2018-11-14T08:17:03'
System info: host: 'Pitiass-MacBook-Pro.local', ip: '2601:155:8300:38c0:0:0:0:277c%en0', os.name: 'Mac OS X', os.arch: 'x86_64', os.version: '10.15.6', java.version: '1.8.0_202'
Driver info: org.openqa.selenium.chrome.ChromeDriver
Capabilities {acceptInsecureCerts: false, browserName: chrome, browserVersion: 84.0.4147.135, chrome: {chromedriverVersion: 84.0.4147.30 (48b3e868b4cc0..., userDataDir: /var/folders/31/zfnry1xj5fd...}, goog:chromeOptions: {debuggerAddress: localhost:50390}, javascriptEnabled: true, networkConnectionEnabled: false, pageLoadStrategy: normal, platform: MAC, platformName: MAC, proxy: Proxy(), setWindowRect: true, strictFileInteractability: false, timeouts: {implicit: 0, pageLoad: 300000, script: 30000}, unhandledPromptBehavior: dismiss and notify, webauthn:virtualAuthenticators: true}
Session ID: beb529c02def48e6bfeb11e63a26804b]]>
            </message>
            <full-stacktrace>
              <![CDATA[org.openqa.selenium.TimeoutException: Expected condition failed: waiting for title to be "Dashboard ‹ Wordpress Demo Site at Demo.Center — WordPress". Current title: "Log In ‹ Wordpress Demo Site at Demo.Center — WordPress" (tried for 4 second(s) with 500 milliseconds interval)
Build info: version: '3.141.59', revision: 'e82be7d358', time: '2018-11-14T08:17:03'
System info: host: 'Pitiass-MacBook-Pro.local', ip: '2601:155:8300:38c0:0:0:0:277c%en0', os.name: 'Mac OS X', os.arch: 'x86_64', os.version: '10.15.6', java.version: '1.8.0_202'
Driver info: org.openqa.selenium.chrome.ChromeDriver
Capabilities {acceptInsecureCerts: false, browserName: chrome, browserVersion: 84.0.4147.135, chrome: {chromedriverVersion: 84.0.4147.30 (48b3e868b4cc0..., userDataDir: /var/folders/31/zfnry1xj5fd...}, goog:chromeOptions: {debuggerAddress: localhost:50390}, javascriptEnabled: true, networkConnectionEnabled: false, pageLoadStrategy: normal, platform: MAC, platformName: MAC, proxy: Proxy(), setWindowRect: true, strictFileInteractability: false, timeouts: {implicit: 0, pageLoad: 300000, script: 30000}, unhandledPromptBehavior: dismiss and notify, webauthn:virtualAuthenticators: true}
Session ID: beb529c02def48e6bfeb11e63a26804b
at org.openqa.selenium.support.ui.WebDriverWait.timeoutException(WebDriverWait.java:95)
at org.openqa.selenium.support.ui.FluentWait.until(FluentWait.java:272)
at pages.LoginPage.login(LoginPage.java:37)
at automationScripts.Script.dataExcel(Script.java:16)
at sun.reflect.NativeMethodAccessorImpl.invoke0(Native Method)
at sun.reflect.NativeMethodAccessorImpl.invoke(NativeMethodAccessorImpl.java:62)
at sun.reflect.DelegatingMethodAccessorImpl.invoke(DelegatingMethodAccessorImpl.java:43)
at java.lang.reflect.Method.invoke(Method.java:498)
at org.testng.internal.MethodInvocationHelper.invokeMethod(MethodInvocationHelper.java:134)
at org.testng.internal.TestInvoker.invokeMethod(TestInvoker.java:597)
at org.testng.internal.TestInvoker.invokeTestMethod(TestInvoker.java:173)
at org.testng.internal.MethodRunner.runInSequence(MethodRunner.java:46)
at org.testng.internal.TestInvoker$MethodInvocationAgent.invoke(TestInvoker.java:816)
at org.testng.internal.TestInvoker.invokeTestMethods(TestInvoker.java:146)
at org.testng.internal.TestMethodWorker.invokeTestMethods(TestMethodWorker.java:146)
at org.testng.internal.TestMethodWorker.run(TestMethodWorker.java:128)
at java.util.ArrayList.forEach(ArrayList.java:1257)
at org.testng.TestRunner.privateRun(TestRunner.java:766)
at org.testng.TestRunner.run(TestRunner.java:587)
at org.testng.SuiteRunner.runTest(SuiteRunner.java:384)
at org.testng.SuiteRunner.runSequentially(SuiteRunner.java:378)
at org.testng.SuiteRunner.privateRun(SuiteRunner.java:337)
at org.testng.SuiteRunner.run(SuiteRunner.java:286)
at org.testng.SuiteRunnerWorker.runSuite(SuiteRunnerWorker.java:53)
at org.testng.SuiteRunnerWorker.run(SuiteRunnerWorker.java:96)
at org.testng.TestNG.runSuitesSequentially(TestNG.java:1187)
at org.testng.TestNG.runSuitesLocally(TestNG.java:1109)
at org.testng.TestNG.runSuites(TestNG.java:1039)
at org.testng.TestNG.run(TestNG.java:1007)
at org.testng.remote.AbstractRemoteTestNG.run(AbstractRemoteTestNG.java:115)
at org.testng.remote.RemoteTestNG.initAndRun(RemoteTestNG.java:251)
at org.testng.remote.RemoteTestNG.main(RemoteTestNG.java:77)
]]>
            </full-stacktrace>
          </exception> <!-- org.openqa.selenium.TimeoutException -->
          <reporter-output>
          </reporter-output>
        </test-method> <!-- dataExcel -->
        <test-method status="PASS" signature="tearDown(org.testng.ITestResult)[pri:0, instance:automationScripts.Script@7a765367]" name="tearDown" is-config="true" duration-ms="5666" started-at="2020-08-31T22:12:31 EDT" finished-at="2020-08-31T22:12:37 EDT">
          <params>
            <param index="0">
              <value>
                <![CDATA[[TestResult name=dataExcel status=FAILURE method=Script.dataExcel(java.lang.String, java.lang.String)[pri:0, instance:automationScripts.Script@7a765367] output={null}]]]>
              </value>
            </param>
          </params>
          <reporter-output>
          </reporter-output>
        </test-method> <!-- tearDown -->
        <test-method status="PASS" signature="setup()[pri:0, instance:automationScripts.Script@7a765367]" name="setup" is-config="true" duration-ms="852" started-at="2020-08-31T22:12:37 EDT" finished-at="2020-08-31T22:12:38 EDT">
          <reporter-output>
          </reporter-output>
        </test-method> <!-- setup -->
        <test-method status="FAIL" signature="dataExcel(java.lang.String, java.lang.String)[pri:0, instance:automationScripts.Script@7a765367]" name="dataExcel" duration-ms="5843" started-at="2020-08-31T22:12:38 EDT" data-provider="pass" finished-at="2020-08-31T22:12:44 EDT">
          <params>
            <param index="0">
              <value>
                <![CDATA[muzafar@aol.com]]>
              </value>
            </param>
            <param index="1">
              <value>
                <![CDATA[teacher]]>
              </value>
            </param>
          </params>
          <exception class="org.openqa.selenium.TimeoutException">
            <message>
              <![CDATA[Expected condition failed: waiting for title to be "Dashboard ‹ Wordpress Demo Site at Demo.Center — WordPress". Current title: "Log In ‹ Wordpress Demo Site at Demo.Center — WordPress" (tried for 4 second(s) with 500 milliseconds interval)
Build info: version: '3.141.59', revision: 'e82be7d358', time: '2018-11-14T08:17:03'
System info: host: 'Pitiass-MacBook-Pro.local', ip: '2601:155:8300:38c0:0:0:0:277c%en0', os.name: 'Mac OS X', os.arch: 'x86_64', os.version: '10.15.6', java.version: '1.8.0_202'
Driver info: org.openqa.selenium.chrome.ChromeDriver
Capabilities {acceptInsecureCerts: false, browserName: chrome, browserVersion: 84.0.4147.135, chrome: {chromedriverVersion: 84.0.4147.30 (48b3e868b4cc0..., userDataDir: /var/folders/31/zfnry1xj5fd...}, goog:chromeOptions: {debuggerAddress: localhost:50412}, javascriptEnabled: true, networkConnectionEnabled: false, pageLoadStrategy: normal, platform: MAC, platformName: MAC, proxy: Proxy(), setWindowRect: true, strictFileInteractability: false, timeouts: {implicit: 0, pageLoad: 300000, script: 30000}, unhandledPromptBehavior: dismiss and notify, webauthn:virtualAuthenticators: true}
Session ID: 9e16d4cc7605dbb46144a9f8ac2bde3e]]>
            </message>
            <full-stacktrace>
              <![CDATA[org.openqa.selenium.TimeoutException: Expected condition failed: waiting for title to be "Dashboard ‹ Wordpress Demo Site at Demo.Center — WordPress". Current title: "Log In ‹ Wordpress Demo Site at Demo.Center — WordPress" (tried for 4 second(s) with 500 milliseconds interval)
Build info: version: '3.141.59', revision: 'e82be7d358', time: '2018-11-14T08:17:03'
System info: host: 'Pitiass-MacBook-Pro.local', ip: '2601:155:8300:38c0:0:0:0:277c%en0', os.name: 'Mac OS X', os.arch: 'x86_64', os.version: '10.15.6', java.version: '1.8.0_202'
Driver info: org.openqa.selenium.chrome.ChromeDriver
Capabilities {acceptInsecureCerts: false, browserName: chrome, browserVersion: 84.0.4147.135, chrome: {chromedriverVersion: 84.0.4147.30 (48b3e868b4cc0..., userDataDir: /var/folders/31/zfnry1xj5fd...}, goog:chromeOptions: {debuggerAddress: localhost:50412}, javascriptEnabled: true, networkConnectionEnabled: false, pageLoadStrategy: normal, platform: MAC, platformName: MAC, proxy: Proxy(), setWindowRect: true, strictFileInteractability: false, timeouts: {implicit: 0, pageLoad: 300000, script: 30000}, unhandledPromptBehavior: dismiss and notify, webauthn:virtualAuthenticators: true}
Session ID: 9e16d4cc7605dbb46144a9f8ac2bde3e
at org.openqa.selenium.support.ui.WebDriverWait.timeoutException(WebDriverWait.java:95)
at org.openqa.selenium.support.ui.FluentWait.until(FluentWait.java:272)
at pages.LoginPage.login(LoginPage.java:37)
at automationScripts.Script.dataExcel(Script.java:16)
at sun.reflect.NativeMethodAccessorImpl.invoke0(Native Method)
at sun.reflect.NativeMethodAccessorImpl.invoke(NativeMethodAccessorImpl.java:62)
at sun.reflect.DelegatingMethodAccessorImpl.invoke(DelegatingMethodAccessorImpl.java:43)
at java.lang.reflect.Method.invoke(Method.java:498)
at org.testng.internal.MethodInvocationHelper.invokeMethod(MethodInvocationHelper.java:134)
at org.testng.internal.TestInvoker.invokeMethod(TestInvoker.java:597)
at org.testng.internal.TestInvoker.invokeTestMethod(TestInvoker.java:173)
at org.testng.internal.MethodRunner.runInSequence(MethodRunner.java:46)
at org.testng.internal.TestInvoker$MethodInvocationAgent.invoke(TestInvoker.java:816)
at org.testng.internal.TestInvoker.invokeTestMethods(TestInvoker.java:146)
at org.testng.internal.TestMethodWorker.invokeTestMethods(TestMethodWorker.java:146)
at org.testng.internal.TestMethodWorker.run(TestMethodWorker.java:128)
at java.util.ArrayList.forEach(ArrayList.java:1257)
at org.testng.TestRunner.privateRun(TestRunner.java:766)
at org.testng.TestRunner.run(TestRunner.java:587)
at org.testng.SuiteRunner.runTest(SuiteRunner.java:384)
at org.testng.SuiteRunner.runSequentially(SuiteRunner.java:378)
at org.testng.SuiteRunner.privateRun(SuiteRunner.java:337)
at org.testng.SuiteRunner.run(SuiteRunner.java:286)
at org.testng.SuiteRunnerWorker.runSuite(SuiteRunnerWorker.java:53)
at org.testng.SuiteRunnerWorker.run(SuiteRunnerWorker.java:96)
at org.testng.TestNG.runSuitesSequentially(TestNG.java:1187)
at org.testng.TestNG.runSuitesLocally(TestNG.java:1109)
at org.testng.TestNG.runSuites(TestNG.java:1039)
at org.testng.TestNG.run(TestNG.java:1007)
at org.testng.remote.AbstractRemoteTestNG.run(AbstractRemoteTestNG.java:115)
at org.testng.remote.RemoteTestNG.initAndRun(RemoteTestNG.java:251)
at org.testng.remote.RemoteTestNG.main(RemoteTestNG.java:77)
]]>
            </full-stacktrace>
          </exception> <!-- org.openqa.selenium.TimeoutException -->
          <reporter-output>
          </reporter-output>
        </test-method> <!-- dataExcel -->
        <test-method status="PASS" signature="tearDown(org.testng.ITestResult)[pri:0, instance:automationScripts.Script@7a765367]" name="tearDown" is-config="true" duration-ms="5643" started-at="2020-08-31T22:12:44 EDT" finished-at="2020-08-31T22:12:49 EDT">
          <params>
            <param index="0">
              <value>
                <![CDATA[[TestResult name=dataExcel status=FAILURE method=Script.dataExcel(java.lang.String, java.lang.String)[pri:0, instance:automationScripts.Script@7a765367] output={null}]]]>
              </value>
            </param>
          </params>
          <reporter-output>
          </reporter-output>
        </test-method> <!-- tearDown -->
        <test-method status="PASS" signature="setup()[pri:0, instance:automationScripts.Script@7a765367]" name="setup" is-config="true" duration-ms="859" started-at="2020-08-31T22:12:49 EDT" finished-at="2020-08-31T22:12:50 EDT">
          <reporter-output>
          </reporter-output>
        </test-method> <!-- setup -->
        <test-method status="FAIL" signature="dataExcel(java.lang.String, java.lang.String)[pri:0, instance:automationScripts.Script@7a765367]" name="dataExcel" duration-ms="6634" started-at="2020-08-31T22:12:50 EDT" data-provider="pass" finished-at="2020-08-31T22:12:57 EDT">
          <params>
            <param index="0">
              <value>
                <![CDATA[pitias@tech.com]]>
              </value>
            </param>
            <param index="1">
              <value>
                <![CDATA[engineer]]>
              </value>
            </param>
          </params>
          <exception class="org.openqa.selenium.TimeoutException">
            <message>
              <![CDATA[Expected condition failed: waiting for title to be "Dashboard ‹ Wordpress Demo Site at Demo.Center — WordPress". Current title: "Log In ‹ Wordpress Demo Site at Demo.Center — WordPress" (tried for 4 second(s) with 500 milliseconds interval)
Build info: version: '3.141.59', revision: 'e82be7d358', time: '2018-11-14T08:17:03'
System info: host: 'Pitiass-MacBook-Pro.local', ip: '2601:155:8300:38c0:0:0:0:277c%en0', os.name: 'Mac OS X', os.arch: 'x86_64', os.version: '10.15.6', java.version: '1.8.0_202'
Driver info: org.openqa.selenium.chrome.ChromeDriver
Capabilities {acceptInsecureCerts: false, browserName: chrome, browserVersion: 84.0.4147.135, chrome: {chromedriverVersion: 84.0.4147.30 (48b3e868b4cc0..., userDataDir: /var/folders/31/zfnry1xj5fd...}, goog:chromeOptions: {debuggerAddress: localhost:50434}, javascriptEnabled: true, networkConnectionEnabled: false, pageLoadStrategy: normal, platform: MAC, platformName: MAC, proxy: Proxy(), setWindowRect: true, strictFileInteractability: false, timeouts: {implicit: 0, pageLoad: 300000, script: 30000}, unhandledPromptBehavior: dismiss and notify, webauthn:virtualAuthenticators: true}
Session ID: e370cd7acf697e1dd4b60411133e1599]]>
            </message>
            <full-stacktrace>
              <![CDATA[org.openqa.selenium.TimeoutException: Expected condition failed: waiting for title to be "Dashboard ‹ Wordpress Demo Site at Demo.Center — WordPress". Current title: "Log In ‹ Wordpress Demo Site at Demo.Center — WordPress" (tried for 4 second(s) with 500 milliseconds interval)
Build info: version: '3.141.59', revision: 'e82be7d358', time: '2018-11-14T08:17:03'
System info: host: 'Pitiass-MacBook-Pro.local', ip: '2601:155:8300:38c0:0:0:0:277c%en0', os.name: 'Mac OS X', os.arch: 'x86_64', os.version: '10.15.6', java.version: '1.8.0_202'
Driver info: org.openqa.selenium.chrome.ChromeDriver
Capabilities {acceptInsecureCerts: false, browserName: chrome, browserVersion: 84.0.4147.135, chrome: {chromedriverVersion: 84.0.4147.30 (48b3e868b4cc0..., userDataDir: /var/folders/31/zfnry1xj5fd...}, goog:chromeOptions: {debuggerAddress: localhost:50434}, javascriptEnabled: true, networkConnectionEnabled: false, pageLoadStrategy: normal, platform: MAC, platformName: MAC, proxy: Proxy(), setWindowRect: true, strictFileInteractability: false, timeouts: {implicit: 0, pageLoad: 300000, script: 30000}, unhandledPromptBehavior: dismiss and notify, webauthn:virtualAuthenticators: true}
Session ID: e370cd7acf697e1dd4b60411133e1599
at org.openqa.selenium.support.ui.WebDriverWait.timeoutException(WebDriverWait.java:95)
at org.openqa.selenium.support.ui.FluentWait.until(FluentWait.java:272)
at pages.LoginPage.login(LoginPage.java:37)
at automationScripts.Script.dataExcel(Script.java:16)
at sun.reflect.NativeMethodAccessorImpl.invoke0(Native Method)
at sun.reflect.NativeMethodAccessorImpl.invoke(NativeMethodAccessorImpl.java:62)
at sun.reflect.DelegatingMethodAccessorImpl.invoke(DelegatingMethodAccessorImpl.java:43)
at java.lang.reflect.Method.invoke(Method.java:498)
at org.testng.internal.MethodInvocationHelper.invokeMethod(MethodInvocationHelper.java:134)
at org.testng.internal.TestInvoker.invokeMethod(TestInvoker.java:597)
at org.testng.internal.TestInvoker.invokeTestMethod(TestInvoker.java:173)
at org.testng.internal.MethodRunner.runInSequence(MethodRunner.java:46)
at org.testng.internal.TestInvoker$MethodInvocationAgent.invoke(TestInvoker.java:816)
at org.testng.internal.TestInvoker.invokeTestMethods(TestInvoker.java:146)
at org.testng.internal.TestMethodWorker.invokeTestMethods(TestMethodWorker.java:146)
at org.testng.internal.TestMethodWorker.run(TestMethodWorker.java:128)
at java.util.ArrayList.forEach(ArrayList.java:1257)
at org.testng.TestRunner.privateRun(TestRunner.java:766)
at org.testng.TestRunner.run(TestRunner.java:587)
at org.testng.SuiteRunner.runTest(SuiteRunner.java:384)
at org.testng.SuiteRunner.runSequentially(SuiteRunner.java:378)
at org.testng.SuiteRunner.privateRun(SuiteRunner.java:337)
at org.testng.SuiteRunner.run(SuiteRunner.java:286)
at org.testng.SuiteRunnerWorker.runSuite(SuiteRunnerWorker.java:53)
at org.testng.SuiteRunnerWorker.run(SuiteRunnerWorker.java:96)
at org.testng.TestNG.runSuitesSequentially(TestNG.java:1187)
at org.testng.TestNG.runSuitesLocally(TestNG.java:1109)
at org.testng.TestNG.runSuites(TestNG.java:1039)
at org.testng.TestNG.run(TestNG.java:1007)
at org.testng.remote.AbstractRemoteTestNG.run(AbstractRemoteTestNG.java:115)
at org.testng.remote.RemoteTestNG.initAndRun(RemoteTestNG.java:251)
at org.testng.remote.RemoteTestNG.main(RemoteTestNG.java:77)
]]>
            </full-stacktrace>
          </exception> <!-- org.openqa.selenium.TimeoutException -->
          <reporter-output>
          </reporter-output>
        </test-method> <!-- dataExcel -->
        <test-method status="PASS" signature="tearDown(org.testng.ITestResult)[pri:0, instance:automationScripts.Script@7a765367]" name="tearDown" is-config="true" duration-ms="5646" started-at="2020-08-31T22:12:57 EDT" finished-at="2020-08-31T22:13:03 EDT">
          <params>
            <param index="0">
              <value>
                <![CDATA[[TestResult name=dataExcel status=FAILURE method=Script.dataExcel(java.lang.String, java.lang.String)[pri:0, instance:automationScripts.Script@7a765367] output={null}]]]>
              </value>
            </param>
          </params>
          <reporter-output>
          </reporter-output>
        </test-method> <!-- tearDown -->
        <test-method status="PASS" signature="setup()[pri:0, instance:automationScripts.Script@7a765367]" name="setup" is-config="true" duration-ms="892" started-at="2020-08-31T22:13:03 EDT" finished-at="2020-08-31T22:13:03 EDT">
          <reporter-output>
          </reporter-output>
        </test-method> <!-- setup -->
        <test-method status="FAIL" signature="dataExcel(java.lang.String, java.lang.String)[pri:0, instance:automationScripts.Script@7a765367]" name="dataExcel" duration-ms="6826" started-at="2020-08-31T22:13:03 EDT" data-provider="pass" finished-at="2020-08-31T22:13:10 EDT">
          <params>
            <param index="0">
              <value>
                <![CDATA[1admin]]>
              </value>
            </param>
            <param index="1">
              <value>
                <![CDATA[demo123]]>
              </value>
            </param>
          </params>
          <exception class="org.openqa.selenium.TimeoutException">
            <message>
              <![CDATA[Expected condition failed: waiting for title to be "Dashboard ‹ Wordpress Demo Site at Demo.Center — WordPress". Current title: "Log In ‹ Wordpress Demo Site at Demo.Center — WordPress" (tried for 4 second(s) with 500 milliseconds interval)
Build info: version: '3.141.59', revision: 'e82be7d358', time: '2018-11-14T08:17:03'
System info: host: 'Pitiass-MacBook-Pro.local', ip: '2601:155:8300:38c0:0:0:0:277c%en0', os.name: 'Mac OS X', os.arch: 'x86_64', os.version: '10.15.6', java.version: '1.8.0_202'
Driver info: org.openqa.selenium.chrome.ChromeDriver
Capabilities {acceptInsecureCerts: false, browserName: chrome, browserVersion: 84.0.4147.135, chrome: {chromedriverVersion: 84.0.4147.30 (48b3e868b4cc0..., userDataDir: /var/folders/31/zfnry1xj5fd...}, goog:chromeOptions: {debuggerAddress: localhost:50464}, javascriptEnabled: true, networkConnectionEnabled: false, pageLoadStrategy: normal, platform: MAC, platformName: MAC, proxy: Proxy(), setWindowRect: true, strictFileInteractability: false, timeouts: {implicit: 0, pageLoad: 300000, script: 30000}, unhandledPromptBehavior: dismiss and notify, webauthn:virtualAuthenticators: true}
Session ID: 441eeb6f558edf32f7a81b97d20e82d6]]>
            </message>
            <full-stacktrace>
              <![CDATA[org.openqa.selenium.TimeoutException: Expected condition failed: waiting for title to be "Dashboard ‹ Wordpress Demo Site at Demo.Center — WordPress". Current title: "Log In ‹ Wordpress Demo Site at Demo.Center — WordPress" (tried for 4 second(s) with 500 milliseconds interval)
Build info: version: '3.141.59', revision: 'e82be7d358', time: '2018-11-14T08:17:03'
System info: host: 'Pitiass-MacBook-Pro.local', ip: '2601:155:8300:38c0:0:0:0:277c%en0', os.name: 'Mac OS X', os.arch: 'x86_64', os.version: '10.15.6', java.version: '1.8.0_202'
Driver info: org.openqa.selenium.chrome.ChromeDriver
Capabilities {acceptInsecureCerts: false, browserName: chrome, browserVersion: 84.0.4147.135, chrome: {chromedriverVersion: 84.0.4147.30 (48b3e868b4cc0..., userDataDir: /var/folders/31/zfnry1xj5fd...}, goog:chromeOptions: {debuggerAddress: localhost:50464}, javascriptEnabled: true, networkConnectionEnabled: false, pageLoadStrategy: normal, platform: MAC, platformName: MAC, proxy: Proxy(), setWindowRect: true, strictFileInteractability: false, timeouts: {implicit: 0, pageLoad: 300000, script: 30000}, unhandledPromptBehavior: dismiss and notify, webauthn:virtualAuthenticators: true}
Session ID: 441eeb6f558edf32f7a81b97d20e82d6
at org.openqa.selenium.support.ui.WebDriverWait.timeoutException(WebDriverWait.java:95)
at org.openqa.selenium.support.ui.FluentWait.until(FluentWait.java:272)
at pages.LoginPage.login(LoginPage.java:37)
at automationScripts.Script.dataExcel(Script.java:16)
at sun.reflect.NativeMethodAccessorImpl.invoke0(Native Method)
at sun.reflect.NativeMethodAccessorImpl.invoke(NativeMethodAccessorImpl.java:62)
at sun.reflect.DelegatingMethodAccessorImpl.invoke(DelegatingMethodAccessorImpl.java:43)
at java.lang.reflect.Method.invoke(Method.java:498)
at org.testng.internal.MethodInvocationHelper.invokeMethod(MethodInvocationHelper.java:134)
at org.testng.internal.TestInvoker.invokeMethod(TestInvoker.java:597)
at org.testng.internal.TestInvoker.invokeTestMethod(TestInvoker.java:173)
at org.testng.internal.MethodRunner.runInSequence(MethodRunner.java:46)
at org.testng.internal.TestInvoker$MethodInvocationAgent.invoke(TestInvoker.java:816)
at org.testng.internal.TestInvoker.invokeTestMethods(TestInvoker.java:146)
at org.testng.internal.TestMethodWorker.invokeTestMethods(TestMethodWorker.java:146)
at org.testng.internal.TestMethodWorker.run(TestMethodWorker.java:128)
at java.util.ArrayList.forEach(ArrayList.java:1257)
at org.testng.TestRunner.privateRun(TestRunner.java:766)
at org.testng.TestRunner.run(TestRunner.java:587)
at org.testng.SuiteRunner.runTest(SuiteRunner.java:384)
at org.testng.SuiteRunner.runSequentially(SuiteRunner.java:378)
at org.testng.SuiteRunner.privateRun(SuiteRunner.java:337)
at org.testng.SuiteRunner.run(SuiteRunner.java:286)
at org.testng.SuiteRunnerWorker.runSuite(SuiteRunnerWorker.java:53)
at org.testng.SuiteRunnerWorker.run(SuiteRunnerWorker.java:96)
at org.testng.TestNG.runSuitesSequentially(TestNG.java:1187)
at org.testng.TestNG.runSuitesLocally(TestNG.java:1109)
at org.testng.TestNG.runSuites(TestNG.java:1039)
at org.testng.TestNG.run(TestNG.java:1007)
at org.testng.remote.AbstractRemoteTestNG.run(AbstractRemoteTestNG.java:115)
at org.testng.remote.RemoteTestNG.initAndRun(RemoteTestNG.java:251)
at org.testng.remote.RemoteTestNG.main(RemoteTestNG.java:77)
]]>
            </full-stacktrace>
          </exception> <!-- org.openqa.selenium.TimeoutException -->
          <reporter-output>
          </reporter-output>
        </test-method> <!-- dataExcel -->
        <test-method status="PASS" signature="tearDown(org.testng.ITestResult)[pri:0, instance:automationScripts.Script@7a765367]" name="tearDown" is-config="true" duration-ms="5629" started-at="2020-08-31T22:13:10 EDT" finished-at="2020-08-31T22:13:16 EDT">
          <params>
            <param index="0">
              <value>
                <![CDATA[[TestResult name=dataExcel status=FAILURE method=Script.dataExcel(java.lang.String, java.lang.String)[pri:0, instance:automationScripts.Script@7a765367] output={null}]]]>
              </value>
            </param>
          </params>
          <reporter-output>
          </reporter-output>
        </test-method> <!-- tearDown -->
        <test-method status="PASS" signature="afterAllTests()[pri:0, instance:automationScripts.Script@7a765367]" name="afterAllTests" is-config="true" duration-ms="188" started-at="2020-08-31T22:13:16 EDT" finished-at="2020-08-31T22:13:16 EDT">
          <reporter-output>
          </reporter-output>
        </test-method> <!-- afterAllTests -->
      </class> <!-- automationScripts.Script -->
    </test> <!-- Default test -->
  </suite> <!-- Default suite -->
</testng-results>
